2023-02-28 13:56:59.067  INFO 21312 --- [main] w.x.p.PersonDemoApplicationTests         : Starting PersonDemoApplicationTests using Java 1.8.0_65 on JJKJ-0199 with PID 21312 (started by xinghuolin in D:\personal\java-pro\java-accumulate\person-demo)
2023-02-28 13:56:59.122  INFO 21312 --- [main] w.x.p.PersonDemoApplicationTests         : No active profile set, falling back to default profiles: default
2023-02-28 13:57:00.644  INFO 21312 --- [main] ptablePropertiesBeanFactoryPostProcessor : Post-processing PropertySource instances
2023-02-28 13:57:00.646  INFO 21312 --- [main] c.u.j.EncryptablePropertySourceConverter : Skipping PropertySource configurationProperties [class org.springframework.boot.context.properties.source.ConfigurationPropertySourcesPropertySource
2023-02-28 13:57:00.652  INFO 21312 --- [main] c.u.j.EncryptablePropertySourceConverter : Converting PropertySource test [org.springframework.core.env.MapPropertySource] to EncryptableMapPropertySourceWrapper
2023-02-28 13:57:00.653  INFO 21312 --- [main] c.u.j.EncryptablePropertySourceConverter : Converting PropertySource Inlined Test Properties [org.springframework.core.env.MapPropertySource] to EncryptableMapPropertySourceWrapper
2023-02-28 13:57:00.654  INFO 21312 --- [main] c.u.j.EncryptablePropertySourceConverter : Skipping PropertySource servletConfigInitParams [class org.springframework.core.env.PropertySource$StubPropertySource
2023-02-28 13:57:00.654  INFO 21312 --- [main] c.u.j.EncryptablePropertySourceConverter : Converting PropertySource servletContextInitParams [org.springframework.web.context.support.ServletContextPropertySource] to EncryptableEnumerablePropertySourceWrapper
2023-02-28 13:57:00.654  INFO 21312 --- [main] c.u.j.EncryptablePropertySourceConverter : Converting PropertySource systemProperties [org.springframework.core.env.PropertiesPropertySource] to EncryptableMapPropertySourceWrapper
2023-02-28 13:57:00.655  INFO 21312 --- [main] c.u.j.EncryptablePropertySourceConverter : Converting PropertySource systemEnvironment [org.springframework.boot.env.SystemEnvironmentPropertySourceEnvironmentPostProcessor$OriginAwareSystemEnvironmentPropertySource] to EncryptableSystemEnvironmentPropertySourceWrapper
2023-02-28 13:57:00.655  INFO 21312 --- [main] c.u.j.EncryptablePropertySourceConverter : Converting PropertySource random [org.springframework.boot.env.RandomValuePropertySource] to EncryptablePropertySourceWrapper
2023-02-28 13:57:00.655  INFO 21312 --- [main] c.u.j.EncryptablePropertySourceConverter : Converting PropertySource Config resource 'class path resource [application.yml]' via location 'optional:classpath:/' [org.springframework.boot.env.OriginTrackedMapPropertySource] to EncryptableMapPropertySourceWrapper
2023-02-28 13:57:00.830  INFO 21312 --- [main] c.u.j.filter.DefaultLazyPropertyFilter   : Property Filter custom Bean not found with name 'encryptablePropertyFilter'. Initializing Default Property Filter
2023-02-28 13:57:00.852  INFO 21312 --- [main] c.u.j.r.DefaultLazyPropertyResolver      : Property Resolver custom Bean not found with name 'encryptablePropertyResolver'. Initializing Default Property Resolver
2023-02-28 13:57:00.856  INFO 21312 --- [main] c.u.j.d.DefaultLazyPropertyDetector      : Property Detector custom Bean not found with name 'encryptablePropertyDetector'. Initializing Default Property Detector
2023-02-28 13:57:02.337  INFO 21312 --- [main] w.x.p.PersonDemoApplicationTests         : Started PersonDemoApplicationTests in 3.993 seconds (JVM running for 6.042)
2023-02-28 13:59:36.501  INFO 9172 --- [main] w.x.p.PersonDemoApplicationTests         : Starting PersonDemoApplicationTests using Java 1.8.0_65 on JJKJ-0199 with PID 9172 (started by xinghuolin in D:\personal\java-pro\java-accumulate\person-demo)
2023-02-28 13:59:36.531  INFO 9172 --- [main] w.x.p.PersonDemoApplicationTests         : No active profile set, falling back to default profiles: default
2023-02-28 13:59:37.490  INFO 9172 --- [main] ptablePropertiesBeanFactoryPostProcessor : Post-processing PropertySource instances
2023-02-28 13:59:37.492  INFO 9172 --- [main] c.u.j.EncryptablePropertySourceConverter : Skipping PropertySource configurationProperties [class org.springframework.boot.context.properties.source.ConfigurationPropertySourcesPropertySource
2023-02-28 13:59:37.495  INFO 9172 --- [main] c.u.j.EncryptablePropertySourceConverter : Converting PropertySource test [org.springframework.core.env.MapPropertySource] to EncryptableMapPropertySourceWrapper
2023-02-28 13:59:37.496  INFO 9172 --- [main] c.u.j.EncryptablePropertySourceConverter : Converting PropertySource Inlined Test Properties [org.springframework.core.env.MapPropertySource] to EncryptableMapPropertySourceWrapper
2023-02-28 13:59:37.496  INFO 9172 --- [main] c.u.j.EncryptablePropertySourceConverter : Skipping PropertySource servletConfigInitParams [class org.springframework.core.env.PropertySource$StubPropertySource
2023-02-28 13:59:37.496  INFO 9172 --- [main] c.u.j.EncryptablePropertySourceConverter : Converting PropertySource servletContextInitParams [org.springframework.web.context.support.ServletContextPropertySource] to EncryptableEnumerablePropertySourceWrapper
2023-02-28 13:59:37.496  INFO 9172 --- [main] c.u.j.EncryptablePropertySourceConverter : Converting PropertySource systemProperties [org.springframework.core.env.PropertiesPropertySource] to EncryptableMapPropertySourceWrapper
2023-02-28 13:59:37.496  INFO 9172 --- [main] c.u.j.EncryptablePropertySourceConverter : Converting PropertySource systemEnvironment [org.springframework.boot.env.SystemEnvironmentPropertySourceEnvironmentPostProcessor$OriginAwareSystemEnvironmentPropertySource] to EncryptableSystemEnvironmentPropertySourceWrapper
2023-02-28 13:59:37.496  INFO 9172 --- [main] c.u.j.EncryptablePropertySourceConverter : Converting PropertySource random [org.springframework.boot.env.RandomValuePropertySource] to EncryptablePropertySourceWrapper
2023-02-28 13:59:37.496  INFO 9172 --- [main] c.u.j.EncryptablePropertySourceConverter : Converting PropertySource Config resource 'class path resource [application.yml]' via location 'optional:classpath:/' [org.springframework.boot.env.OriginTrackedMapPropertySource] to EncryptableMapPropertySourceWrapper
2023-02-28 13:59:37.616  INFO 9172 --- [main] c.u.j.filter.DefaultLazyPropertyFilter   : Property Filter custom Bean not found with name 'encryptablePropertyFilter'. Initializing Default Property Filter
2023-02-28 13:59:37.632  INFO 9172 --- [main] c.u.j.r.DefaultLazyPropertyResolver      : Property Resolver custom Bean not found with name 'encryptablePropertyResolver'. Initializing Default Property Resolver
2023-02-28 13:59:37.636  INFO 9172 --- [main] c.u.j.d.DefaultLazyPropertyDetector      : Property Detector custom Bean not found with name 'encryptablePropertyDetector'. Initializing Default Property Detector
2023-02-28 13:59:38.502  INFO 9172 --- [main] w.x.p.PersonDemoApplicationTests         : Started PersonDemoApplicationTests in 2.416 seconds (JVM running for 3.862)
2023-02-28 14:00:10.816  INFO 20312 --- [main] w.x.p.PersonDemoApplicationTests         : Starting PersonDemoApplicationTests using Java 1.8.0_65 on JJKJ-0199 with PID 20312 (started by xinghuolin in D:\personal\java-pro\java-accumulate\person-demo)
2023-02-28 14:00:10.818  INFO 20312 --- [main] w.x.p.PersonDemoApplicationTests         : No active profile set, falling back to default profiles: default
2023-02-28 14:00:11.774  INFO 20312 --- [main] ptablePropertiesBeanFactoryPostProcessor : Post-processing PropertySource instances
2023-02-28 14:00:11.775  INFO 20312 --- [main] c.u.j.EncryptablePropertySourceConverter : Skipping PropertySource configurationProperties [class org.springframework.boot.context.properties.source.ConfigurationPropertySourcesPropertySource
2023-02-28 14:00:11.779  INFO 20312 --- [main] c.u.j.EncryptablePropertySourceConverter : Converting PropertySource test [org.springframework.core.env.MapPropertySource] to EncryptableMapPropertySourceWrapper
2023-02-28 14:00:11.779  INFO 20312 --- [main] c.u.j.EncryptablePropertySourceConverter : Converting PropertySource Inlined Test Properties [org.springframework.core.env.MapPropertySource] to EncryptableMapPropertySourceWrapper
2023-02-28 14:00:11.779  INFO 20312 --- [main] c.u.j.EncryptablePropertySourceConverter : Skipping PropertySource servletConfigInitParams [class org.springframework.core.env.PropertySource$StubPropertySource
2023-02-28 14:00:11.779  INFO 20312 --- [main] c.u.j.EncryptablePropertySourceConverter : Converting PropertySource servletContextInitParams [org.springframework.web.context.support.ServletContextPropertySource] to EncryptableEnumerablePropertySourceWrapper
2023-02-28 14:00:11.780  INFO 20312 --- [main] c.u.j.EncryptablePropertySourceConverter : Converting PropertySource systemProperties [org.springframework.core.env.PropertiesPropertySource] to EncryptableMapPropertySourceWrapper
2023-02-28 14:00:11.780  INFO 20312 --- [main] c.u.j.EncryptablePropertySourceConverter : Converting PropertySource systemEnvironment [org.springframework.boot.env.SystemEnvironmentPropertySourceEnvironmentPostProcessor$OriginAwareSystemEnvironmentPropertySource] to EncryptableSystemEnvironmentPropertySourceWrapper
2023-02-28 14:00:11.780  INFO 20312 --- [main] c.u.j.EncryptablePropertySourceConverter : Converting PropertySource random [org.springframework.boot.env.RandomValuePropertySource] to EncryptablePropertySourceWrapper
2023-02-28 14:00:11.780  INFO 20312 --- [main] c.u.j.EncryptablePropertySourceConverter : Converting PropertySource Config resource 'class path resource [application.yml]' via location 'optional:classpath:/' [org.springframework.boot.env.OriginTrackedMapPropertySource] to EncryptableMapPropertySourceWrapper
2023-02-28 14:00:11.913  INFO 20312 --- [main] c.u.j.filter.DefaultLazyPropertyFilter   : Property Filter custom Bean not found with name 'encryptablePropertyFilter'. Initializing Default Property Filter
2023-02-28 14:00:11.935  INFO 20312 --- [main] c.u.j.r.DefaultLazyPropertyResolver      : Property Resolver custom Bean not found with name 'encryptablePropertyResolver'. Initializing Default Property Resolver
2023-02-28 14:00:11.939  INFO 20312 --- [main] c.u.j.d.DefaultLazyPropertyDetector      : Property Detector custom Bean not found with name 'encryptablePropertyDetector'. Initializing Default Property Detector
2023-02-28 14:00:12.863  INFO 20312 --- [main] w.x.p.PersonDemoApplicationTests         : Started PersonDemoApplicationTests in 2.49 seconds (JVM running for 3.981)
2023-02-28 14:01:09.363  INFO 19484 --- [main] w.x.p.PersonDemoApplicationTests         : Starting PersonDemoApplicationTests using Java 1.8.0_361 on JJKJ-0199 with PID 19484 (started by xinghuolin in D:\personal\java-pro\java-accumulate\person-demo)
2023-02-28 14:01:09.393  INFO 19484 --- [main] w.x.p.PersonDemoApplicationTests         : No active profile set, falling back to default profiles: default
2023-02-28 14:01:10.328  INFO 19484 --- [main] ptablePropertiesBeanFactoryPostProcessor : Post-processing PropertySource instances
2023-02-28 14:01:10.329  INFO 19484 --- [main] c.u.j.EncryptablePropertySourceConverter : Skipping PropertySource configurationProperties [class org.springframework.boot.context.properties.source.ConfigurationPropertySourcesPropertySource
2023-02-28 14:01:10.332  INFO 19484 --- [main] c.u.j.EncryptablePropertySourceConverter : Converting PropertySource test [org.springframework.core.env.MapPropertySource] to EncryptableMapPropertySourceWrapper
2023-02-28 14:01:10.332  INFO 19484 --- [main] c.u.j.EncryptablePropertySourceConverter : Converting PropertySource Inlined Test Properties [org.springframework.core.env.MapPropertySource] to EncryptableMapPropertySourceWrapper
2023-02-28 14:01:10.332  INFO 19484 --- [main] c.u.j.EncryptablePropertySourceConverter : Skipping PropertySource servletConfigInitParams [class org.springframework.core.env.PropertySource$StubPropertySource
2023-02-28 14:01:10.333  INFO 19484 --- [main] c.u.j.EncryptablePropertySourceConverter : Converting PropertySource servletContextInitParams [org.springframework.web.context.support.ServletContextPropertySource] to EncryptableEnumerablePropertySourceWrapper
2023-02-28 14:01:10.333  INFO 19484 --- [main] c.u.j.EncryptablePropertySourceConverter : Converting PropertySource systemProperties [org.springframework.core.env.PropertiesPropertySource] to EncryptableMapPropertySourceWrapper
2023-02-28 14:01:10.333  INFO 19484 --- [main] c.u.j.EncryptablePropertySourceConverter : Converting PropertySource systemEnvironment [org.springframework.boot.env.SystemEnvironmentPropertySourceEnvironmentPostProcessor$OriginAwareSystemEnvironmentPropertySource] to EncryptableSystemEnvironmentPropertySourceWrapper
2023-02-28 14:01:10.333  INFO 19484 --- [main] c.u.j.EncryptablePropertySourceConverter : Converting PropertySource random [org.springframework.boot.env.RandomValuePropertySource] to EncryptablePropertySourceWrapper
2023-02-28 14:01:10.333  INFO 19484 --- [main] c.u.j.EncryptablePropertySourceConverter : Converting PropertySource Config resource 'class path resource [application.yml]' via location 'optional:classpath:/' [org.springframework.boot.env.OriginTrackedMapPropertySource] to EncryptableMapPropertySourceWrapper
2023-02-28 14:01:10.443  INFO 19484 --- [main] c.u.j.filter.DefaultLazyPropertyFilter   : Property Filter custom Bean not found with name 'encryptablePropertyFilter'. Initializing Default Property Filter
2023-02-28 14:01:10.458  INFO 19484 --- [main] c.u.j.r.DefaultLazyPropertyResolver      : Property Resolver custom Bean not found with name 'encryptablePropertyResolver'. Initializing Default Property Resolver
2023-02-28 14:01:10.462  INFO 19484 --- [main] c.u.j.d.DefaultLazyPropertyDetector      : Property Detector custom Bean not found with name 'encryptablePropertyDetector'. Initializing Default Property Detector
2023-02-28 14:01:11.316  INFO 19484 --- [main] w.x.p.PersonDemoApplicationTests         : Started PersonDemoApplicationTests in 2.354 seconds (JVM running for 3.824)
2023-02-28 14:02:11.967  INFO 20856 --- [main] w.x.p.PersonDemoApplicationTests         : Starting PersonDemoApplicationTests using Java 1.8.0_361 on JJKJ-0199 with PID 20856 (started by xinghuolin in D:\personal\java-pro\java-accumulate\person-demo)
2023-02-28 14:02:11.969  INFO 20856 --- [main] w.x.p.PersonDemoApplicationTests         : No active profile set, falling back to default profiles: default
2023-02-28 14:02:12.910  INFO 20856 --- [main] ptablePropertiesBeanFactoryPostProcessor : Post-processing PropertySource instances
2023-02-28 14:02:12.911  INFO 20856 --- [main] c.u.j.EncryptablePropertySourceConverter : Skipping PropertySource configurationProperties [class org.springframework.boot.context.properties.source.ConfigurationPropertySourcesPropertySource
2023-02-28 14:02:12.914  INFO 20856 --- [main] c.u.j.EncryptablePropertySourceConverter : Converting PropertySource test [org.springframework.core.env.MapPropertySource] to EncryptableMapPropertySourceWrapper
2023-02-28 14:02:12.914  INFO 20856 --- [main] c.u.j.EncryptablePropertySourceConverter : Converting PropertySource Inlined Test Properties [org.springframework.core.env.MapPropertySource] to EncryptableMapPropertySourceWrapper
2023-02-28 14:02:12.914  INFO 20856 --- [main] c.u.j.EncryptablePropertySourceConverter : Skipping PropertySource servletConfigInitParams [class org.springframework.core.env.PropertySource$StubPropertySource
2023-02-28 14:02:12.914  INFO 20856 --- [main] c.u.j.EncryptablePropertySourceConverter : Converting PropertySource servletContextInitParams [org.springframework.web.context.support.ServletContextPropertySource] to EncryptableEnumerablePropertySourceWrapper
2023-02-28 14:02:12.914  INFO 20856 --- [main] c.u.j.EncryptablePropertySourceConverter : Converting PropertySource systemProperties [org.springframework.core.env.PropertiesPropertySource] to EncryptableMapPropertySourceWrapper
2023-02-28 14:02:12.915  INFO 20856 --- [main] c.u.j.EncryptablePropertySourceConverter : Converting PropertySource systemEnvironment [org.springframework.boot.env.SystemEnvironmentPropertySourceEnvironmentPostProcessor$OriginAwareSystemEnvironmentPropertySource] to EncryptableSystemEnvironmentPropertySourceWrapper
2023-02-28 14:02:12.915  INFO 20856 --- [main] c.u.j.EncryptablePropertySourceConverter : Converting PropertySource random [org.springframework.boot.env.RandomValuePropertySource] to EncryptablePropertySourceWrapper
2023-02-28 14:02:12.915  INFO 20856 --- [main] c.u.j.EncryptablePropertySourceConverter : Converting PropertySource Config resource 'class path resource [application.yml]' via location 'optional:classpath:/' [org.springframework.boot.env.OriginTrackedMapPropertySource] to EncryptableMapPropertySourceWrapper
2023-02-28 14:02:13.023  INFO 20856 --- [main] c.u.j.filter.DefaultLazyPropertyFilter   : Property Filter custom Bean not found with name 'encryptablePropertyFilter'. Initializing Default Property Filter
2023-02-28 14:02:13.035  INFO 20856 --- [main] c.u.j.r.DefaultLazyPropertyResolver      : Property Resolver custom Bean not found with name 'encryptablePropertyResolver'. Initializing Default Property Resolver
2023-02-28 14:02:13.038  INFO 20856 --- [main] c.u.j.d.DefaultLazyPropertyDetector      : Property Detector custom Bean not found with name 'encryptablePropertyDetector'. Initializing Default Property Detector
2023-02-28 14:02:13.960  INFO 20856 --- [main] w.x.p.PersonDemoApplicationTests         : Started PersonDemoApplicationTests in 2.453 seconds (JVM running for 3.612)
